0 info it worked if it ends with ok
1 verbose cli [ 'C:\\Program Files (x86)\\Microsoft Visual Studio\\2017\\Community\\Web\\External\\Node.exe',
1 verbose cli   'C:\\Program Files (x86)\\Microsoft Visual Studio\\2017\\Community\\Web\\External\\node_modules\\npm\\bin\\npm-cli.js',
1 verbose cli   'install' ]
2 info using npm@3.3.4
3 info using node@v5.4.1
4 silly loadCurrentTree Starting
5 silly install loadCurrentTree
6 silly install readLocalPackageData
7 silly install normalizeTree
8 silly loadCurrentTree Finishing
9 silly loadIdealTree Starting
10 silly install loadIdealTree
11 silly cloneCurrentTree Starting
12 silly install cloneCurrentTreeToIdealTree
13 silly cloneCurrentTree Finishing
14 silly loadShrinkwrap Starting
15 silly install loadShrinkwrap
16 silly loadShrinkwrap Finishing
17 silly loadAllDepsIntoIdealTree Starting
18 silly install loadAllDepsIntoIdealTree
19 silly fetchNamedPackageData jquery-validation-unobtrusive
20 silly mapToRegistry name jquery-validation-unobtrusive
21 silly mapToRegistry using default registry
22 silly mapToRegistry registry https://registry.npmjs.org/
23 silly mapToRegistry uri https://registry.npmjs.org/jquery-validation-unobtrusive
24 silly fetchNamedPackageData jquery-validation
25 silly mapToRegistry name jquery-validation
26 silly mapToRegistry using default registry
27 silly mapToRegistry registry https://registry.npmjs.org/
28 silly mapToRegistry uri https://registry.npmjs.org/jquery-validation
29 verbose request uri https://registry.npmjs.org/jquery-validation
30 verbose request no auth needed
31 info attempt registry request try #1 at 2:36:15 PM
32 verbose request id 966f35690965cef5
33 verbose etag W/"c089703121371dcc50f73b8e296c4322"
34 verbose lastModified Sun, 27 May 2018 05:28:43 GMT
35 http request GET https://registry.npmjs.org/jquery-validation
36 verbose request uri https://registry.npmjs.org/jquery-validation-unobtrusive
37 verbose request no auth needed
38 info attempt registry request try #1 at 2:36:15 PM
39 verbose etag W/"d7b62aca15e67828862717d04d6ae3cd"
40 verbose lastModified Sun, 27 May 2018 05:28:43 GMT
41 http request GET https://registry.npmjs.org/jquery-validation-unobtrusive
42 http 304 https://registry.npmjs.org/jquery-validation-unobtrusive
43 verbose headers { date: 'Fri, 08 Jun 2018 12:36:17 GMT',
43 verbose headers   connection: 'keep-alive',
43 verbose headers   'set-cookie': [ '__cfduid=d31f4831de5aed1c3b1becaedd4a026da1528461377; expires=Sat, 08-Jun-19 12:36:17 GMT; path=/; domain=.registry.npmjs.org; HttpOnly' ],
43 verbose headers   'cache-control': 'max-age=300',
43 verbose headers   'cf-cache-status': 'HIT',
43 verbose headers   'cf-ray': '427b673aa9c53d31-CPH',
43 verbose headers   etag: '"d7b62aca15e67828862717d04d6ae3cd"',
43 verbose headers   'expect-ct': 'max-age=604800, report-uri="https://report-uri.cloudflare.com/cdn-cgi/beacon/expect-ct"',
43 verbose headers   'last-modified': 'Sun, 27 May 2018 05:28:43 GMT',
43 verbose headers   vary: 'accept-encoding, accept',
43 verbose headers   server: 'cloudflare' }
44 silly get cb [ 304,
44 silly get   { date: 'Fri, 08 Jun 2018 12:36:17 GMT',
44 silly get     connection: 'keep-alive',
44 silly get     'set-cookie': [ '__cfduid=d31f4831de5aed1c3b1becaedd4a026da1528461377; expires=Sat, 08-Jun-19 12:36:17 GMT; path=/; domain=.registry.npmjs.org; HttpOnly' ],
44 silly get     'cache-control': 'max-age=300',
44 silly get     'cf-cache-status': 'HIT',
44 silly get     'cf-ray': '427b673aa9c53d31-CPH',
44 silly get     etag: '"d7b62aca15e67828862717d04d6ae3cd"',
44 silly get     'expect-ct': 'max-age=604800, report-uri="https://report-uri.cloudflare.com/cdn-cgi/beacon/expect-ct"',
44 silly get     'last-modified': 'Sun, 27 May 2018 05:28:43 GMT',
44 silly get     vary: 'accept-encoding, accept',
44 silly get     server: 'cloudflare' } ]
45 verbose etag https://registry.npmjs.org/jquery-validation-unobtrusive from cache
46 verbose get saving jquery-validation-unobtrusive to C:\Users\rasmu\AppData\Roaming\npm-cache\registry.npmjs.org\jquery-validation-unobtrusive\.cache.json
47 http 304 https://registry.npmjs.org/jquery-validation
48 verbose headers { date: 'Fri, 08 Jun 2018 12:36:17 GMT',
48 verbose headers   connection: 'keep-alive',
48 verbose headers   'set-cookie': [ '__cfduid=dc917169595b0f18d262e5a207b29dc261528461377; expires=Sat, 08-Jun-19 12:36:17 GMT; path=/; domain=.registry.npmjs.org; HttpOnly' ],
48 verbose headers   'cache-control': 'max-age=300',
48 verbose headers   'cf-cache-status': 'HIT',
48 verbose headers   'cf-ray': '427b673aade33d5b-CPH',
48 verbose headers   etag: '"c089703121371dcc50f73b8e296c4322"',
48 verbose headers   'expect-ct': 'max-age=604800, report-uri="https://report-uri.cloudflare.com/cdn-cgi/beacon/expect-ct"',
48 verbose headers   'last-modified': 'Sun, 27 May 2018 05:28:43 GMT',
48 verbose headers   vary: 'accept-encoding, accept',
48 verbose headers   server: 'cloudflare' }
49 silly get cb [ 304,
49 silly get   { date: 'Fri, 08 Jun 2018 12:36:17 GMT',
49 silly get     connection: 'keep-alive',
49 silly get     'set-cookie': [ '__cfduid=dc917169595b0f18d262e5a207b29dc261528461377; expires=Sat, 08-Jun-19 12:36:17 GMT; path=/; domain=.registry.npmjs.org; HttpOnly' ],
49 silly get     'cache-control': 'max-age=300',
49 silly get     'cf-cache-status': 'HIT',
49 silly get     'cf-ray': '427b673aade33d5b-CPH',
49 silly get     etag: '"c089703121371dcc50f73b8e296c4322"',
49 silly get     'expect-ct': 'max-age=604800, report-uri="https://report-uri.cloudflare.com/cdn-cgi/beacon/expect-ct"',
49 silly get     'last-modified': 'Sun, 27 May 2018 05:28:43 GMT',
49 silly get     vary: 'accept-encoding, accept',
49 silly get     server: 'cloudflare' } ]
50 verbose etag https://registry.npmjs.org/jquery-validation from cache
51 verbose get saving jquery-validation to C:\Users\rasmu\AppData\Roaming\npm-cache\registry.npmjs.org\jquery-validation\.cache.json
52 silly resolveWithNewModule jquery-validation-unobtrusive@3.2.10 checking installable status
53 silly cache add args [ 'jquery-validation-unobtrusive@^3.2.10', null ]
54 verbose cache add spec jquery-validation-unobtrusive@^3.2.10
55 silly cache add parsed spec Result {
55 silly cache add   raw: 'jquery-validation-unobtrusive@^3.2.10',
55 silly cache add   scope: null,
55 silly cache add   name: 'jquery-validation-unobtrusive',
55 silly cache add   rawSpec: '^3.2.10',
55 silly cache add   spec: '>=3.2.10-0 <4.0.0-0',
55 silly cache add   type: 'range' }
56 silly addNamed jquery-validation-unobtrusive@>=3.2.10-0 <4.0.0-0
57 verbose addNamed ">=3.2.10-0 <4.0.0-0" is a valid semver range for jquery-validation-unobtrusive
58 silly addNameRange { name: 'jquery-validation-unobtrusive',
58 silly addNameRange   range: '>=3.2.10-0 <4.0.0-0',
58 silly addNameRange   hasData: false }
59 silly mapToRegistry name jquery-validation-unobtrusive
60 silly mapToRegistry using default registry
61 silly mapToRegistry registry https://registry.npmjs.org/
62 silly mapToRegistry uri https://registry.npmjs.org/jquery-validation-unobtrusive
63 verbose addNameRange registry:https://registry.npmjs.org/jquery-validation-unobtrusive not in flight; fetching
64 silly fetchPackageMetaData Error: No compatible version found: jquery-validation@jquery.validation#1.17.0
64 silly fetchPackageMetaData Valid install targets:
64 silly fetchPackageMetaData ["1.17.0","1.16.0","1.15.1","1.15.0","1.15.0-pre","1.14.0","1.13.1"]
64 silly fetchPackageMetaData
64 silly fetchPackageMetaData     at pickVersionFromRegistryDocument (C:\Program Files (x86)\Microsoft Visual Studio\2017\Community\Web\External\node_modules\npm\lib\fetch-package-metadata.js:146:16)
64 silly fetchPackageMetaData     at C:\Program Files (x86)\Microsoft Visual Studio\2017\Community\Web\External\node_modules\iferr\index.js:13:50
64 silly fetchPackageMetaData     at C:\Program Files (x86)\Microsoft Visual Studio\2017\Community\Web\External\node_modules\npm\lib\utils\pulse-till-done.js:19:8
64 silly fetchPackageMetaData     at saved (C:\Program Files (x86)\Microsoft Visual Studio\2017\Community\Web\External\node_modules\npm\lib\cache\caching-client.js:168:7)
64 silly fetchPackageMetaData     at C:\Program Files (x86)\Microsoft Visual Studio\2017\Community\Web\External\node_modules\npm\node_modules\graceful-fs\polyfills.js:210:7
64 silly fetchPackageMetaData     at FSReqWrap.oncomplete (fs.js:82:15)
64 silly fetchPackageMetaData  error for jquery-validation@jquery.validation#1.17.0 [Error: No compatible version found: jquery-validation@jquery.validation#1.17.0
64 silly fetchPackageMetaData Valid install targets:
64 silly fetchPackageMetaData ["1.17.0","1.16.0","1.15.1","1.15.0","1.15.0-pre","1.14.0","1.13.1"]
64 silly fetchPackageMetaData ]
65 verbose get https://registry.npmjs.org/jquery-validation-unobtrusive not expired, no request
66 silly addNameRange number 2 { name: 'jquery-validation-unobtrusive',
66 silly addNameRange   range: '>=3.2.10-0 <4.0.0-0',
66 silly addNameRange   hasData: true }
67 silly addNameRange versions [ 'jquery-validation-unobtrusive',
67 silly addNameRange   [ '3.2.5', '3.2.6', '3.2.8', '3.2.9', '3.2.10' ] ]
68 silly addNamed jquery-validation-unobtrusive@3.2.10
69 verbose addNamed "3.2.10" is a plain semver version for jquery-validation-unobtrusive
70 silly cache afterAdd jquery-validation-unobtrusive@3.2.10
71 verbose afterAdd C:\Users\rasmu\AppData\Roaming\npm-cache\jquery-validation-unobtrusive\3.2.10\package\package.json not in flight; writing
72 verbose afterAdd C:\Users\rasmu\AppData\Roaming\npm-cache\jquery-validation-unobtrusive\3.2.10\package\package.json written
73 silly rollbackFailedOptional Starting
74 silly rollbackFailedOptional Finishing
75 silly runTopLevelLifecycles Starting
76 silly runTopLevelLifecycles Finishing
77 silly install printInstalled
78 verbose stack Error: No compatible version found: jquery-validation@jquery.validation#1.17.0
78 verbose stack Valid install targets:
78 verbose stack ["1.17.0","1.16.0","1.15.1","1.15.0","1.15.0-pre","1.14.0","1.13.1"]
78 verbose stack
78 verbose stack     at pickVersionFromRegistryDocument (C:\Program Files (x86)\Microsoft Visual Studio\2017\Community\Web\External\node_modules\npm\lib\fetch-package-metadata.js:146:16)
78 verbose stack     at C:\Program Files (x86)\Microsoft Visual Studio\2017\Community\Web\External\node_modules\iferr\index.js:13:50
78 verbose stack     at C:\Program Files (x86)\Microsoft Visual Studio\2017\Community\Web\External\node_modules\npm\lib\utils\pulse-till-done.js:19:8
78 verbose stack     at saved (C:\Program Files (x86)\Microsoft Visual Studio\2017\Community\Web\External\node_modules\npm\lib\cache\caching-client.js:168:7)
78 verbose stack     at C:\Program Files (x86)\Microsoft Visual Studio\2017\Community\Web\External\node_modules\npm\node_modules\graceful-fs\polyfills.js:210:7
78 verbose stack     at FSReqWrap.oncomplete (fs.js:82:15)
79 verbose cwd C:\Repos\umbraco-bootstrap\src\UmbracoBootstrap.Web
80 error Windows_NT 10.0.17134
81 error argv "C:\\Program Files (x86)\\Microsoft Visual Studio\\2017\\Community\\Web\\External\\Node.exe" "C:\\Program Files (x86)\\Microsoft Visual Studio\\2017\\Community\\Web\\External\\node_modules\\npm\\bin\\npm-cli.js" "install"
82 error node v5.4.1
83 error npm  v3.3.4
84 error No compatible version found: jquery-validation@jquery.validation#1.17.0
84 error Valid install targets:
84 error ["1.17.0","1.16.0","1.15.1","1.15.0","1.15.0-pre","1.14.0","1.13.1"]
85 error If you need help, you may report this error at:
85 error     <https://github.com/npm/npm/issues>
86 verbose exit [ 1, true ]
